[3/2/2026, 3:37:18 pm] GET /
[3/2/2026, 3:37:18 pm] GET /favicon.ico
[3/2/2026, 3:37:20 pm] GET /login?name=Rahul
[3/2/2026, 3:37:21 pm] GET /users
[3/2/2026, 3:37:23 pm] GET /health
[3/2/2026, 3:38:48 pm] GET /
[3/2/2026, 3:38:50 pm] GET /health
[3/2/2026, 3:38:51 pm] GET /login?name=Rahul
[3/2/2026, 3:38:53 pm] GET /users
[3/2/2026, 3:40:00 pm] GET /health
[3/2/2026, 3:40:14 pm] GET /health
[3/2/2026, 3:40:15 pm] GET /login?name=Rahul
[3/2/2026, 3:40:16 pm] GET /users
[3/2/2026, 3:42:38 pm] GET /
[3/2/2026, 3:42:38 pm] GET /favicon.ico
[3/2/2026, 3:42:40 pm] GET /health
[3/2/2026, 3:42:41 pm] GET /login?name=Rahul
[3/2/2026, 3:42:42 pm] GET /users
[3/2/2026, 3:51:55 pm] GET /
[3/2/2026, 3:51:57 pm] GET /users
[3/2/2026, 3:51:59 pm] GET /login?name=Rahul
[3/2/2026, 3:52:26 pm] GET /
[3/2/2026, 3:52:28 pm] GET /users
[3/2/2026, 3:52:29 pm] GET /login?name=Rahul
[3/2/2026, 3:52:30 pm] GET /health
[3/2/2026, 3:58:49 pm] GET /
[3/2/2026, 3:58:51 pm] GET /users
[3/2/2026, 3:59:01 pm] GET /
[3/2/2026, 3:59:01 pm] GET /favicon.ico
[3/2/2026, 3:59:03 pm] GET /health
[3/2/2026, 3:59:04 pm] GET /login?name=Rahul
[3/2/2026, 3:59:06 pm] GET /users
